{"message":{"hub.verify_token":"\"WinterIsComingGOT2019\""},"level":"info"}
{"message":"::1 - - [20/Aug/2020:07:12:52 +0000] \"GET /instagram/webhooks?hub.verify_token=%22WinterIsComingGOT2019%22 HTTP/1.1\" 401 16 \"-\" \"Mozilla/5.0 (Windows NT 10.0; Win64; x64) AppleWebKit/537.36 (KHTML, like Gecko) Chrome/84.0.4147.125 Safari/537.36\"\n","level":"info"}
{"message":{"hub.verify_token":"\"WinterIsComingGOT2019\""},"level":"info"}
{"message":"::1 - - [20/Aug/2020:07:13:22 +0000] \"GET /instagram/webhooks?hub.verify_token=%22WinterIsComingGOT2019%22 HTTP/1.1\" 401 16 \"-\" \"Mozilla/5.0 (Windows NT 10.0; Win64; x64) AppleWebKit/537.36 (KHTML, like Gecko) Chrome/84.0.4147.125 Safari/537.36\"\n","level":"info"}
{"message":"\"WinterIsComingGOT2019\"","level":"info"}
{"message":"::1 - - [20/Aug/2020:07:14:09 +0000] \"GET /instagram/webhooks?hub.verify_token=%22WinterIsComingGOT2019%22 HTTP/1.1\" 401 16 \"-\" \"Mozilla/5.0 (Windows NT 10.0; Win64; x64) AppleWebKit/537.36 (KHTML, like Gecko) Chrome/84.0.4147.125 Safari/537.36\"\n","level":"info"}
{"message":"WinterIsComingGOT2019","level":"info"}
{"message":"WinterIsComingGOT2019","level":"info"}
{"message":"::1 - - [20/Aug/2020:07:14:33 +0000] \"GET /instagram/webhooks?hub.verify_token=WinterIsComingGOT2019 HTTP/1.1\" 200 - \"-\" \"Mozilla/5.0 (Windows NT 10.0; Win64; x64) AppleWebKit/537.36 (KHTML, like Gecko) Chrome/84.0.4147.125 Safari/537.36\"\n","level":"info"}
{"message":"WinterIsComingGOT2019","level":"info"}
{"message":"::1 - - [20/Aug/2020:07:17:48 +0000] \"GET /instagram/webhooks?hub.verify_token=WinterIsComingGOT2019 HTTP/1.1\" - - \"-\" \"Mozilla/5.0 (Windows NT 10.0; Win64; x64) AppleWebKit/537.36 (KHTML, like Gecko) Chrome/84.0.4147.125 Safari/537.36\"\n","level":"info"}
{"message":"WinterIsComingGOT2019","level":"info"}
{"message":"::1 - - [20/Aug/2020:07:17:48 +0000] \"GET /instagram/webhooks?hub.verify_token=WinterIsComingGOT2019&hub.mode=subscribe HTTP/1.1\" 200 - \"-\" \"Mozilla/5.0 (Windows NT 10.0; Win64; x64) AppleWebKit/537.36 (KHTML, like Gecko) Chrome/84.0.4147.125 Safari/537.36\"\n","level":"info"}
{"message":"WinterIsComingGOT2019","level":"info"}
{"message":"::1 - - [20/Aug/2020:07:17:51 +0000] \"GET /instagram/webhooks?hub.verify_token=WinterIsComingGOT2019&hub.mode=subscribe HTTP/1.1\" 200 - \"-\" \"Mozilla/5.0 (Windows NT 10.0; Win64; x64) AppleWebKit/537.36 (KHTML, like Gecko) Chrome/84.0.4147.125 Safari/537.36\"\n","level":"info"}
{"message":"::1 - - [21/Aug/2020:06:04:49 +0000] \"POST /facebook-login HTTP/1.1\" 201 1184 \"-\" \"Mozilla/5.0 (Windows NT 10.0; Win64; x64) AppleWebKit/537.36 (KHTML, like Gecko) Chrome/84.0.4147.125 Safari/537.36\"\n","level":"info"}
{"message":"::1 - - [21/Aug/2020:06:04:49 +0000] \"GET /campaigns HTTP/1.1\" 200 10048 \"-\" \"Mozilla/5.0 (Windows NT 10.0; Win64; x64) AppleWebKit/537.36 (KHTML, like Gecko) Chrome/84.0.4147.125 Safari/537.36\"\n","level":"info"}
{"message":"::1 - - [21/Aug/2020:06:09:06 +0000] \"POST /facebook-login HTTP/1.1\" 201 1188 \"-\" \"Mozilla/5.0 (Windows NT 10.0; Win64; x64) AppleWebKit/537.36 (KHTML, like Gecko) Chrome/84.0.4147.125 Safari/537.36\"\n","level":"info"}
{"message":"::1 - - [21/Aug/2020:06:09:07 +0000] \"GET /campaigns HTTP/1.1\" 304 - \"-\" \"Mozilla/5.0 (Windows NT 10.0; Win64; x64) AppleWebKit/537.36 (KHTML, like Gecko) Chrome/84.0.4147.125 Safari/537.36\"\n","level":"info"}
{"message":"::1 - - [21/Aug/2020:06:09:59 +0000] \"POST /facebook-login HTTP/1.1\" 201 1186 \"-\" \"Mozilla/5.0 (Windows NT 10.0; Win64; x64) AppleWebKit/537.36 (KHTML, like Gecko) Chrome/84.0.4147.125 Safari/537.36\"\n","level":"info"}
{"message":"::1 - - [21/Aug/2020:06:09:59 +0000] \"GET /campaigns HTTP/1.1\" 304 - \"-\" \"Mozilla/5.0 (Windows NT 10.0; Win64; x64) AppleWebKit/537.36 (KHTML, like Gecko) Chrome/84.0.4147.125 Safari/537.36\"\n","level":"info"}
{"message":"::1 - - [21/Aug/2020:06:13:19 +0000] \"POST /facebook-login HTTP/1.1\" 201 1269 \"-\" \"Mozilla/5.0 (Windows NT 10.0; Win64; x64) AppleWebKit/537.36 (KHTML, like Gecko) Chrome/84.0.4147.125 Safari/537.36\"\n","level":"info"}
{"message":"::1 - - [21/Aug/2020:06:13:19 +0000] \"GET /campaigns HTTP/1.1\" 304 - \"-\" \"Mozilla/5.0 (Windows NT 10.0; Win64; x64) AppleWebKit/537.36 (KHTML, like Gecko) Chrome/84.0.4147.125 Safari/537.36\"\n","level":"info"}
{"message":"::1 - - [21/Aug/2020:06:14:33 +0000] \"GET /campaigns HTTP/1.1\" 304 - \"-\" \"Mozilla/5.0 (Windows NT 10.0; Win64; x64) AppleWebKit/537.36 (KHTML, like Gecko) Chrome/84.0.4147.125 Safari/537.36\"\n","level":"info"}
{"message":"::1 - - [21/Aug/2020:06:14:34 +0000] \"GET /campaigns/5f382709a7601c22b0fc9559 HTTP/1.1\" 201 1335 \"-\" \"Mozilla/5.0 (Windows NT 10.0; Win64; x64) AppleWebKit/537.36 (KHTML, like Gecko) Chrome/84.0.4147.125 Safari/537.36\"\n","level":"info"}
{"message":"get-user","level":"info"}
{"message":"::1 - - [21/Aug/2020:06:14:37 +0000] \"GET /get-facebook-url HTTP/1.1\" 200 330 \"-\" \"Mozilla/5.0 (Windows NT 10.0; Win64; x64) AppleWebKit/537.36 (KHTML, like Gecko) Chrome/84.0.4147.125 Safari/537.36\"\n","level":"info"}
{"message":"::1 - - [21/Aug/2020:06:14:38 +0000] \"GET /instagram/accounts HTTP/1.1\" 200 458 \"-\" \"Mozilla/5.0 (Windows NT 10.0; Win64; x64) AppleWebKit/537.36 (KHTML, like Gecko) Chrome/84.0.4147.125 Safari/537.36\"\n","level":"info"}
{"message":"::1 - - [21/Aug/2020:06:14:39 +0000] \"GET /get-google-url HTTP/1.1\" 200 63 \"-\" \"Mozilla/5.0 (Windows NT 10.0; Win64; x64) AppleWebKit/537.36 (KHTML, like Gecko) Chrome/84.0.4147.125 Safari/537.36\"\n","level":"info"}
{"message":"::1 - - [21/Aug/2020:06:14:45 +0000] \"POST /instagram/set-account/106939894461007 HTTP/1.1\" 200 1100 \"-\" \"Mozilla/5.0 (Windows NT 10.0; Win64; x64) AppleWebKit/537.36 (KHTML, like Gecko) Chrome/84.0.4147.125 Safari/537.36\"\n","level":"info"}
{"message":"get-user","level":"info"}
{"message":"::1 - - [21/Aug/2020:06:15:20 +0000] \"GET /get-user HTTP/1.1\" - - \"-\" \"Mozilla/5.0 (Windows NT 10.0; Win64; x64) AppleWebKit/537.36 (KHTML, like Gecko) Chrome/84.0.4147.125 Safari/537.36\"\n","level":"info"}
{"message":"::1 - - [21/Aug/2020:06:15:20 +0000] \"GET /get-user HTTP/1.1\" - - \"-\" \"Mozilla/5.0 (Windows NT 10.0; Win64; x64) AppleWebKit/537.36 (KHTML, like Gecko) Chrome/84.0.4147.125 Safari/537.36\"\n","level":"info"}
{"message":"user id : 5f38262aa7601c22b0fc9554","level":"info"}
{"message":"::1 - - [21/Aug/2020:06:15:36 +0000] \"GET /authentication/facebook/?code=AQCORwfuhpyBo84F8tPNeMEt0_O1nH0KJMXFtMyMXLu1WWsx6JQaeWI-YmHi11Cn7qZg-kvupgRbrRTtBqfCoxuUcvPVWe-__l6pATbeFE3XzWEHiMEW-4Z-9BVQjjFO2mKmOR9dMNKYz6s3x7V3G2-n3xNirFKUBSByC1Oa6EADOhCp6X5HEVxI5j5qYaGKjvQDALTJYdlR6OYKiB_xgvTEgOSTY6Sfb3jndpITMpQlusuzwip341olOBdOV0LJTXOVt9dwAbPto-kjIzi4z2FkX_bMF5uePwB0isI9QR8duTu-aBsqpJnwj_uKbbbqqqhWN9m5MedeeJnL1x_Elzq9&state=5f38262aa7601c22b0fc9554 HTTP/1.1\" 403 47 \"-\" \"Mozilla/5.0 (Windows NT 10.0; Win64; x64) AppleWebKit/537.36 (KHTML, like Gecko) Chrome/84.0.4147.125 Safari/537.36\"\n","level":"info"}
{"message":"::1 - - [21/Aug/2020:06:15:36 +0000] \"GET /favicon.ico HTTP/1.1\" 404 150 \"http://localhost:3000/authentication/facebook/?code=AQCORwfuhpyBo84F8tPNeMEt0_O1nH0KJMXFtMyMXLu1WWsx6JQaeWI-YmHi11Cn7qZg-kvupgRbrRTtBqfCoxuUcvPVWe-__l6pATbeFE3XzWEHiMEW-4Z-9BVQjjFO2mKmOR9dMNKYz6s3x7V3G2-n3xNirFKUBSByC1Oa6EADOhCp6X5HEVxI5j5qYaGKjvQDALTJYdlR6OYKiB_xgvTEgOSTY6Sfb3jndpITMpQlusuzwip341olOBdOV0LJTXOVt9dwAbPto-kjIzi4z2FkX_bMF5uePwB0isI9QR8duTu-aBsqpJnwj_uKbbbqqqhWN9m5MedeeJnL1x_Elzq9&state=5f38262aa7601c22b0fc9554\" \"Mozilla/5.0 (Windows NT 10.0; Win64; x64) AppleWebKit/537.36 (KHTML, like Gecko) Chrome/84.0.4147.125 Safari/537.36\"\n","level":"info"}
{"message":"user id : 5f38262aa7601c22b0fc9554","level":"info"}
{"message":"::1 - - [21/Aug/2020:06:16:28 +0000] \"GET /authentication/facebook?code=AQCORwfuhpyBo84F8tPNeMEt0_O1nH0KJMXFtMyMXLu1WWsx6JQaeWI-YmHi11Cn7qZg-kvupgRbrRTtBqfCoxuUcvPVWe-__l6pATbeFE3XzWEHiMEW-4Z-9BVQjjFO2mKmOR9dMNKYz6s3x7V3G2-n3xNirFKUBSByC1Oa6EADOhCp6X5HEVxI5j5qYaGKjvQDALTJYdlR6OYKiB_xgvTEgOSTY6Sfb3jndpITMpQlusuzwip341olOBdOV0LJTXOVt9dwAbPto-kjIzi4z2FkX_bMF5uePwB0isI9QR8duTu-aBsqpJnwj_uKbbbqqqhWN9m5MedeeJnL1x_Elzq9&state=5f38262aa7601c22b0fc9554 HTTP/1.1\" 403 47 \"-\" \"Mozilla/5.0 (Windows NT 10.0; Win64; x64) AppleWebKit/537.36 (KHTML, like Gecko) Chrome/84.0.4147.125 Safari/537.36\"\n","level":"info"}
{"message":"user id : 5f38262aa7601c22b0fc9554","level":"info"}
{"message":"::1 - - [21/Aug/2020:06:17:27 +0000] \"GET /authentication/facebook?code=AQCORwfuhpyBo84F8tPNeMEt0_O1nH0KJMXFtMyMXLu1WWsx6JQaeWI-YmHi11Cn7qZg-kvupgRbrRTtBqfCoxuUcvPVWe-__l6pATbeFE3XzWEHiMEW-4Z-9BVQjjFO2mKmOR9dMNKYz6s3x7V3G2-n3xNirFKUBSByC1Oa6EADOhCp6X5HEVxI5j5qYaGKjvQDALTJYdlR6OYKiB_xgvTEgOSTY6Sfb3jndpITMpQlusuzwip341olOBdOV0LJTXOVt9dwAbPto-kjIzi4z2FkX_bMF5uePwB0isI9QR8duTu-aBsqpJnwj_uKbbbqqqhWN9m5MedeeJnL1x_Elzq9&state=5f38262aa7601c22b0fc9554 HTTP/1.1\" 403 47 \"-\" \"Mozilla/5.0 (Windows NT 10.0; Win64; x64) AppleWebKit/537.36 (KHTML, like Gecko) Chrome/84.0.4147.125 Safari/537.36\"\n","level":"info"}
{"message":"user id : 5f38262aa7601c22b0fc9554","level":"info"}
{"message":"::1 - - [21/Aug/2020:06:19:00 +0000] \"GET /authentication/facebook?code=AQCORwfuhpyBo84F8tPNeMEt0_O1nH0KJMXFtMyMXLu1WWsx6JQaeWI-YmHi11Cn7qZg-kvupgRbrRTtBqfCoxuUcvPVWe-__l6pATbeFE3XzWEHiMEW-4Z-9BVQjjFO2mKmOR9dMNKYz6s3x7V3G2-n3xNirFKUBSByC1Oa6EADOhCp6X5HEVxI5j5qYaGKjvQDALTJYdlR6OYKiB_xgvTEgOSTY6Sfb3jndpITMpQlusuzwip341olOBdOV0LJTXOVt9dwAbPto-kjIzi4z2FkX_bMF5uePwB0isI9QR8duTu-aBsqpJnwj_uKbbbqqqhWN9m5MedeeJnL1x_Elzq9&state=5f38262aa7601c22b0fc9554 HTTP/1.1\" 403 47 \"-\" \"Mozilla/5.0 (Windows NT 10.0; Win64; x64) AppleWebKit/537.36 (KHTML, like Gecko) Chrome/84.0.4147.125 Safari/537.36\"\n","level":"info"}
{"message":"::1 - - [21/Aug/2020:06:19:11 +0000] \"GET /campaigns HTTP/1.1\" 304 - \"-\" \"Mozilla/5.0 (Windows NT 10.0; Win64; x64) AppleWebKit/537.36 (KHTML, like Gecko) Chrome/84.0.4147.125 Safari/537.36\"\n","level":"info"}
{"message":"::1 - - [21/Aug/2020:06:20:47 +0000] \"POST /facebook-login HTTP/1.1\" 201 1267 \"-\" \"Mozilla/5.0 (Windows NT 10.0; Win64; x64) AppleWebKit/537.36 (KHTML, like Gecko) Chrome/84.0.4147.125 Safari/537.36\"\n","level":"info"}
{"message":"::1 - - [21/Aug/2020:06:20:48 +0000] \"GET /campaigns HTTP/1.1\" 304 - \"-\" \"Mozilla/5.0 (Windows NT 10.0; Win64; x64) AppleWebKit/537.36 (KHTML, like Gecko) Chrome/84.0.4147.125 Safari/537.36\"\n","level":"info"}
{"message":"::1 - - [21/Aug/2020:06:20:53 +0000] \"GET /get-facebook-url HTTP/1.1\" 304 - \"-\" \"Mozilla/5.0 (Windows NT 10.0; Win64; x64) AppleWebKit/537.36 (KHTML, like Gecko) Chrome/84.0.4147.125 Safari/537.36\"\n","level":"info"}
{"message":"::1 - - [21/Aug/2020:06:20:54 +0000] \"GET /instagram/accounts HTTP/1.1\" 304 - \"-\" \"Mozilla/5.0 (Windows NT 10.0; Win64; x64) AppleWebKit/537.36 (KHTML, like Gecko) Chrome/84.0.4147.125 Safari/537.36\"\n","level":"info"}
{"message":"::1 - - [21/Aug/2020:06:20:55 +0000] \"GET /get-google-url HTTP/1.1\" 304 - \"-\" \"Mozilla/5.0 (Windows NT 10.0; Win64; x64) AppleWebKit/537.36 (KHTML, like Gecko) Chrome/84.0.4147.125 Safari/537.36\"\n","level":"info"}
{"message":"::1 - - [21/Aug/2020:06:20:55 +0000] \"POST /instagram/set-account/106939894461007 HTTP/1.1\" 200 1098 \"-\" \"Mozilla/5.0 (Windows NT 10.0; Win64; x64) AppleWebKit/537.36 (KHTML, like Gecko) Chrome/84.0.4147.125 Safari/537.36\"\n","level":"info"}
{"message":"get-user","level":"info"}
{"message":"::1 - - [21/Aug/2020:06:20:56 +0000] \"GET /get-user HTTP/1.1\" - - \"-\" \"Mozilla/5.0 (Windows NT 10.0; Win64; x64) AppleWebKit/537.36 (KHTML, like Gecko) Chrome/84.0.4147.125 Safari/537.36\"\n","level":"info"}
{"message":"user id : 5f38262aa7601c22b0fc9554","level":"info"}
{"message":"::1 - - [21/Aug/2020:06:21:23 +0000] \"GET /authentication/facebook/?code=AQBsGqtfFR3mmNdC2gcbIn_nS1rIsn4GD_KrZNPq4YE5tnGOIdJBvU83qZrrslcq0pZhSQ9oGalFbN5ArprlhOdwolNb4w2EmdMjGNxFAp7xAkyreh2LRG0F7AzZDSDJuGAlmdZVRGDMeidje1cFUQhy8qWyvpuuQkU_eC4kBHiWVkYYEyNs9MSYB-Ri6RoOQBeAb0Z-upQ_YDs19B4Kway7ToNH7OtuTb9DVbJ84cDwPvBscUppJQC4wNdQVqre4dgU_bvLGblP2LXjDZULaAkzGEZ8Ejq-hY4yBYzRnrTVfAmsp1O-GsnqoML3DHxgsg23lKpo6NZHzaAbmn2jaNUA&state=5f38262aa7601c22b0fc9554 HTTP/1.1\" 302 110 \"-\" \"Mozilla/5.0 (Windows NT 10.0; Win64; x64) AppleWebKit/537.36 (KHTML, like Gecko) Chrome/84.0.4147.125 Safari/537.36\"\n","level":"info"}
{"message":"::1 - - [21/Aug/2020:06:21:25 +0000] \"GET /get-facebook-url HTTP/1.1\" 304 - \"-\" \"Mozilla/5.0 (Windows NT 10.0; Win64; x64) AppleWebKit/537.36 (KHTML, like Gecko) Chrome/84.0.4147.125 Safari/537.36\"\n","level":"info"}
{"message":"::1 - - [21/Aug/2020:06:21:26 +0000] \"GET /instagram/accounts HTTP/1.1\" 304 - \"-\" \"Mozilla/5.0 (Windows NT 10.0; Win64; x64) AppleWebKit/537.36 (KHTML, like Gecko) Chrome/84.0.4147.125 Safari/537.36\"\n","level":"info"}
{"message":"::1 - - [21/Aug/2020:06:21:27 +0000] \"GET /get-google-url HTTP/1.1\" 304 - \"-\" \"Mozilla/5.0 (Windows NT 10.0; Win64; x64) AppleWebKit/537.36 (KHTML, like Gecko) Chrome/84.0.4147.125 Safari/537.36\"\n","level":"info"}
{"message":"get-user","level":"info"}
{"message":"::1 - - [21/Aug/2020:06:21:30 +0000] \"GET /campaigns HTTP/1.1\" 304 - \"-\" \"Mozilla/5.0 (Windows NT 10.0; Win64; x64) AppleWebKit/537.36 (KHTML, like Gecko) Chrome/84.0.4147.125 Safari/537.36\"\n","level":"info"}
{"message":"get-user","level":"info"}
{"message":"::1 - - [21/Aug/2020:06:22:20 +0000] \"GET /get-user HTTP/1.1\" - - \"-\" \"Mozilla/5.0 (Windows NT 10.0; Win64; x64) AppleWebKit/537.36 (KHTML, like Gecko) Chrome/84.0.4147.125 Safari/537.36\"\n","level":"info"}
{"message":"::1 - - [21/Aug/2020:06:22:20 +0000] \"GET /get-user HTTP/1.1\" - - \"-\" \"Mozilla/5.0 (Windows NT 10.0; Win64; x64) AppleWebKit/537.36 (KHTML, like Gecko) Chrome/84.0.4147.125 Safari/537.36\"\n","level":"info"}
{"message":"get-user","level":"info"}
{"message":"::1 - - [21/Aug/2020:06:23:21 +0000] \"GET /get-user HTTP/1.1\" - - \"-\" \"Mozilla/5.0 (Windows NT 10.0; Win64; x64) AppleWebKit/537.36 (KHTML, like Gecko) Chrome/84.0.4147.125 Safari/537.36\"\n","level":"info"}
{"message":"get-user","level":"info"}
{"message":"::1 - - [21/Aug/2020:06:24:26 +0000] \"GET /get-facebook-url HTTP/1.1\" 304 - \"-\" \"Mozilla/5.0 (Windows NT 10.0; Win64; x64) AppleWebKit/537.36 (KHTML, like Gecko) Chrome/84.0.4147.125 Safari/537.36\"\n","level":"info"}
{"message":"::1 - - [21/Aug/2020:06:25:02 +0000] \"GET /get-google-url HTTP/1.1\" 304 - \"-\" \"Mozilla/5.0 (Windows NT 10.0; Win64; x64) AppleWebKit/537.36 (KHTML, like Gecko) Chrome/84.0.4147.125 Safari/537.36\"\n","level":"info"}
{"message":"get-user","level":"info"}
{"message":"::1 - - [21/Aug/2020:06:25:02 +0000] \"GET /instagram/accounts HTTP/1.1\" 304 - \"-\" \"Mozilla/5.0 (Windows NT 10.0; Win64; x64) AppleWebKit/537.36 (KHTML, like Gecko) Chrome/84.0.4147.125 Safari/537.36\"\n","level":"info"}
{"message":"::1 - - [21/Aug/2020:06:25:35 +0000] \"GET /get-facebook-url HTTP/1.1\" 304 - \"-\" \"Mozilla/5.0 (Windows NT 10.0; Win64; x64) AppleWebKit/537.36 (KHTML, like Gecko) Chrome/84.0.4147.125 Safari/537.36\"\n","level":"info"}
{"message":"get-user","level":"info"}
{"message":"::1 - - [21/Aug/2020:06:26:03 +0000] \"GET /get-facebook-url HTTP/1.1\" 304 - \"-\" \"Mozilla/5.0 (Windows NT 10.0; Win64; x64) AppleWebKit/537.36 (KHTML, like Gecko) Chrome/84.0.4147.125 Safari/537.36\"\n","level":"info"}
{"message":"::1 - - [21/Aug/2020:06:26:04 +0000] \"GET /instagram/accounts HTTP/1.1\" 304 - \"-\" \"Mozilla/5.0 (Windows NT 10.0; Win64; x64) AppleWebKit/537.36 (KHTML, like Gecko) Chrome/84.0.4147.125 Safari/537.36\"\n","level":"info"}
{"message":"::1 - - [21/Aug/2020:06:26:05 +0000] \"GET /get-google-url HTTP/1.1\" 304 - \"-\" \"Mozilla/5.0 (Windows NT 10.0; Win64; x64) AppleWebKit/537.36 (KHTML, like Gecko) Chrome/84.0.4147.125 Safari/537.36\"\n","level":"info"}
{"message":"get-user","level":"info"}
{"message":"auth 5f38262aa7601c22b0fc9554","level":"info"}
{"message":"::1 - - [21/Aug/2020:06:26:17 +0000] \"GET /get-user HTTP/1.1\" 200 26 \"-\" \"Mozilla/5.0 (Windows NT 10.0; Win64; x64) AppleWebKit/537.36 (KHTML, like Gecko) Chrome/84.0.4147.125 Safari/537.36\"\n","level":"info"}
{"message":"::1 - - [21/Aug/2020:06:26:29 +0000] \"POST /instagram/set-account/106939894461007 HTTP/1.1\" 200 1092 \"-\" \"Mozilla/5.0 (Windows NT 10.0; Win64; x64) AppleWebKit/537.36 (KHTML, like Gecko) Chrome/84.0.4147.125 Safari/537.36\"\n","level":"info"}
{"message":"::1 - - [21/Aug/2020:06:26:31 +0000] \"GET /campaigns HTTP/1.1\" 304 - \"-\" \"Mozilla/5.0 (Windows NT 10.0; Win64; x64) AppleWebKit/537.36 (KHTML, like Gecko) Chrome/84.0.4147.125 Safari/537.36\"\n","level":"info"}
{"message":"get-user","level":"info"}
{"message":"auth 5f38262aa7601c22b0fc9554","level":"info"}
{"message":"::1 - - [21/Aug/2020:06:26:34 +0000] \"GET /get-user HTTP/1.1\" 304 - \"-\" \"Mozilla/5.0 (Windows NT 10.0; Win64; x64) AppleWebKit/537.36 (KHTML, like Gecko) Chrome/84.0.4147.125 Safari/537.36\"\n","level":"info"}
{"message":"::1 - - [21/Aug/2020:06:26:46 +0000] \"GET /get-facebook-url HTTP/1.1\" 304 - \"-\" \"Mozilla/5.0 (Windows NT 10.0; Win64; x64) AppleWebKit/537.36 (KHTML, like Gecko) Chrome/84.0.4147.125 Safari/537.36\"\n","level":"info"}
{"message":"::1 - - [21/Aug/2020:06:26:47 +0000] \"GET /instagram/accounts HTTP/1.1\" 304 - \"-\" \"Mozilla/5.0 (Windows NT 10.0; Win64; x64) AppleWebKit/537.36 (KHTML, like Gecko) Chrome/84.0.4147.125 Safari/537.36\"\n","level":"info"}
{"message":"::1 - - [21/Aug/2020:06:26:48 +0000] \"GET /get-google-url HTTP/1.1\" 304 - \"-\" \"Mozilla/5.0 (Windows NT 10.0; Win64; x64) AppleWebKit/537.36 (KHTML, like Gecko) Chrome/84.0.4147.125 Safari/537.36\"\n","level":"info"}
{"message":"::1 - - [21/Aug/2020:06:26:49 +0000] \"POST /instagram/set-account/106939894461007 HTTP/1.1\" 200 1092 \"-\" \"Mozilla/5.0 (Windows NT 10.0; Win64; x64) AppleWebKit/537.36 (KHTML, like Gecko) Chrome/84.0.4147.125 Safari/537.36\"\n","level":"info"}
{"message":"get-user","level":"info"}
{"message":"auth 5f38262aa7601c22b0fc9554","level":"info"}
{"message":"::1 - - [21/Aug/2020:06:26:49 +0000] \"GET /get-user HTTP/1.1\" 304 - \"-\" \"Mozilla/5.0 (Windows NT 10.0; Win64; x64) AppleWebKit/537.36 (KHTML, like Gecko) Chrome/84.0.4147.125 Safari/537.36\"\n","level":"info"}
{"message":"user id : 5f38262aa7601c22b0fc9554","level":"info"}
{"message":"::1 - - [21/Aug/2020:06:28:00 +0000] \"GET /authentication/facebook/?code=AQA8YrfuWcLOFl_t1oXnP_fQ4uMIcszjeO2xMU4Q6gEaZt2-NKA4CclwS5Z8ZzpY_-fnuozCOdC0PNuId844QFQ6JvDDLxYXCgJ3KRDF3rDk08wUGxP8SVMtSxdDAXQ0Ncn1mJ7KcPHE_yb7W60c2BJky4iO-YfJH5G9W_tuLZ13VyNlaQWzGH6MaVAp62bWh8Ti5mKjK4XQUFLMpkNB-lEgpI7xtNH0gLKfEhXM_MhIP5j4NUDQE70I8k5QYWId6h5tnYi-OYfEiK1Unmcoyd4z4m2Q694JCHj8nbi6c8A5bbtPZm4ky1hSOyEFl3dg_3emfWLuAZ-jc1d2e3T88Bsg&state=5f38262aa7601c22b0fc9554 HTTP/1.1\" 302 110 \"-\" \"Mozilla/5.0 (Windows NT 10.0; Win64; x64) AppleWebKit/537.36 (KHTML, like Gecko) Chrome/84.0.4147.125 Safari/537.36\"\n","level":"info"}
{"message":"::1 - - [21/Aug/2020:06:28:03 +0000] \"GET /get-facebook-url HTTP/1.1\" 304 - \"-\" \"Mozilla/5.0 (Windows NT 10.0; Win64; x64) AppleWebKit/537.36 (KHTML, like Gecko) Chrome/84.0.4147.125 Safari/537.36\"\n","level":"info"}
{"message":"::1 - - [21/Aug/2020:06:28:04 +0000] \"GET /instagram/accounts HTTP/1.1\" 304 - \"-\" \"Mozilla/5.0 (Windows NT 10.0; Win64; x64) AppleWebKit/537.36 (KHTML, like Gecko) Chrome/84.0.4147.125 Safari/537.36\"\n","level":"info"}
{"message":"::1 - - [21/Aug/2020:06:28:04 +0000] \"GET /get-google-url HTTP/1.1\" 304 - \"-\" \"Mozilla/5.0 (Windows NT 10.0; Win64; x64) AppleWebKit/537.36 (KHTML, like Gecko) Chrome/84.0.4147.125 Safari/537.36\"\n","level":"info"}
{"message":"get-user","level":"info"}
{"message":"auth 5f38262aa7601c22b0fc9554","level":"info"}
{"message":"::1 - - [21/Aug/2020:06:28:05 +0000] \"GET /get-user HTTP/1.1\" 304 - \"-\" \"Mozilla/5.0 (Windows NT 10.0; Win64; x64) AppleWebKit/537.36 (KHTML, like Gecko) Chrome/84.0.4147.125 Safari/537.36\"\n","level":"info"}
{"message":"::1 - - [21/Aug/2020:06:38:03 +0000] \"GET /campaigns HTTP/1.1\" 304 - \"-\" \"Mozilla/5.0 (Windows NT 10.0; Win64; x64) AppleWebKit/537.36 (KHTML, like Gecko) Chrome/84.0.4147.125 Safari/537.36\"\n","level":"info"}
